# JRE version: OpenJDK Runtime Environment Temurin-21.0.10+7 (21.0.10+7) (build 21.0.10+7-LTS)
# Java VM: OpenJDK 64-Bit Server VM Temurin-21.0.10+7 (21.0.10+7-LTS, mixed mode, sharing, tiered, compressed oops, compressed class ptrs, parallel gc, windows-amd64)
GC Precious Log:
 CardTable entry size: 512
 CPUs: 4 total, 4 available
 Memory: 3901M
 Large Page Support: Disabled
 NUMA Support: Disabled
 Compressed Oops: Enabled (32-bit)
 Alignments: Space 512K, Generation 512K, Heap 2M
 Heap Min Capacity: 100M
 Heap Initial Capacity: 100M
 Heap Max Capacity: 2G
 Pre-touch: Disabled
 Parallel Workers: 4
Heap:
 PSYoungGen      total 3584K, used 3264K [0x00000000d5580000, 0x00000000d5b80000, 0x0000000100000000)
  eden space 3072K, 90% used [0x00000000d5580000,0x00000000d5835130,0x00000000d5880000)
  from space 512K, 96% used [0x00000000d5b00000,0x00000000d5b7b1b0,0x00000000d5b80000)
  to   space 1024K, 0% used [0x00000000d5980000,0x00000000d5980000,0x00000000d5a80000)
 ParOldGen       total 1037824K, used 1037720K [0x0000000080000000, 0x00000000bf580000, 0x00000000d5580000)
  object space 1037824K, 99% used [0x0000000080000000,0x00000000bf566390,0x00000000bf580000)
 Metaspace       used 84012K, committed 85824K, reserved 1179648K
  class space    used 8953K, committed 9728K, reserved 1048576K
GC Heap History (20 events):
Event: 1344.671 GC heap before
{Heap before GC invocations=702 (full 3):
 PSYoungGen      total 5120K, used 4732K [0x00000000d5580000, 0x00000000d5d80000, 0x0000000100000000)
  eden space 3072K, 99% used [0x00000000d5580000,0x00000000d587f258,0x00000000d5880000)
  from space 2048K, 81% used [0x00000000d5b80000,0x00000000d5d20000,0x00000000d5d80000)
  to   space 2048K, 0% used [0x00000000d5980000,0x00000000d5980000,0x00000000d5b80000)
 ParOldGen       total 1035264K, used 1035129K [0x0000000080000000, 0x00000000bf300000, 0x00000000d5580000)
  object space 1035264K, 99% used [0x0000000080000000,0x00000000bf2de540,0x00000000bf300000)
 Metaspace       used 82008K, committed 83776K, reserved 1179648K
  class space    used 8682K, committed 9472K, reserved 1048576K
}
Event: 1344.677 GC heap after
{Heap after GC invocations=702 (full 3):
 PSYoungGen      total 3584K, used 128K [0x00000000d5580000, 0x00000000d5c00000, 0x0000000100000000)
  eden space 3072K, 0% used [0x00000000d5580000,0x00000000d5580000,0x00000000d5880000)
  from space 512K, 25% used [0x00000000d5980000,0x00000000d59a0000,0x00000000d5a00000)
  to   space 1024K, 0% used [0x00000000d5b00000,0x00000000d5b00000,0x00000000d5c00000)
 ParOldGen       total 1036800K, used 1036393K [0x0000000080000000, 0x00000000bf480000, 0x00000000d5580000)
  object space 1036800K, 99% used [0x0000000080000000,0x00000000bf41a540,0x00000000bf480000)
 Metaspace       used 82008K, committed 83776K, reserved 1179648K
  class space    used 8682K, committed 9472K, reserved 1048576K
}
Event: 1347.130 GC heap before
{Heap before GC invocations=703 (full 3):
 PSYoungGen      total 3584K, used 3200K [0x00000000d5580000, 0x00000000d5c00000, 0x0000000100000000)
  eden space 3072K, 100% used [0x00000000d5580000,0x00000000d5880000,0x00000000d5880000)
  from space 512K, 25% used [0x00000000d5980000,0x00000000d59a0000,0x00000000d5a00000)
  to   space 1024K, 0% used [0x00000000d5b00000,0x00000000d5b00000,0x00000000d5c00000)
 ParOldGen       total 1036800K, used 1036393K [0x0000000080000000, 0x00000000bf480000, 0x00000000d5580000)
  object space 1036800K, 99% used [0x0000000080000000,0x00000000bf41a540,0x00000000bf480000)
 Metaspace       used 82013K, committed 83776K, reserved 1179648K
  class space    used 8682K, committed 9472K, reserved 1048576K
}
Event: 1347.136 GC heap after
{Heap after GC invocations=703 (full 3):
 PSYoungGen      total 4096K, used 608K [0x00000000d5580000, 0x00000000d5c00000, 0x0000000100000000)
  eden space 3072K, 0% used [0x00000000d5580000,0x00000000d5580000,0x00000000d5880000)
  from space 1024K, 59% used [0x00000000d5b00000,0x00000000d5b98000,0x00000000d5c00000)
  to   space 1024K, 0% used [0x00000000d5a00000,0x00000000d5a00000,0x00000000d5b00000)
 ParOldGen       total 1036800K, used 1036417K [0x0000000080000000, 0x00000000bf480000, 0x00000000d5580000)
  object space 1036800K, 99% used [0x0000000080000000,0x00000000bf420540,0x00000000bf480000)
 Metaspace       used 82013K, committed 83776K, reserved 1179648K
  class space    used 8682K, committed 9472K, reserved 1048576K
}
Event: 1351.174 GC heap before
{Heap before GC invocations=704 (full 3):
 PSYoungGen      total 4096K, used 3679K [0x00000000d5580000, 0x00000000d5c00000, 0x0000000100000000)
  eden space 3072K, 99% used [0x00000000d5580000,0x00000000d587feb0,0x00000000d5880000)
  from space 1024K, 59% used [0x00000000d5b00000,0x00000000d5b98000,0x00000000d5c00000)
  to   space 1024K, 0% used [0x00000000d5a00000,0x00000000d5a00000,0x00000000d5b00000)
 ParOldGen       total 1036800K, used 1036417K [0x0000000080000000, 0x00000000bf480000, 0x00000000d5580000)
  object space 1036800K, 99% used [0x0000000080000000,0x00000000bf420540,0x00000000bf480000)
 Metaspace       used 82103K, committed 83904K, reserved 1179648K
  class space    used 8687K, committed 9472K, reserved 1048576K
}
Event: 1351.182 GC heap after
{Heap after GC invocations=704 (full 3):
 PSYoungGen      total 4096K, used 288K [0x00000000d5580000, 0x00000000d5b80000, 0x0000000100000000)
  eden space 3072K, 0% used [0x00000000d5580000,0x00000000d5580000,0x00000000d5880000)
  from space 1024K, 28% used [0x00000000d5a00000,0x00000000d5a48020,0x00000000d5b00000)
  to   space 512K, 0% used [0x00000000d5b00000,0x00000000d5b00000,0x00000000d5b80000)
 ParOldGen       total 1037312K, used 1036923K [0x0000000080000000, 0x00000000bf500000, 0x00000000d5580000)
  object space 1037312K, 99% used [0x0000000080000000,0x00000000bf49ee50,0x00000000bf500000)
 Metaspace       used 82103K, committed 83904K, reserved 1179648K
  class space    used 8687K, committed 9472K, reserved 1048576K
}
Event: 1351.499 GC heap before
{Heap before GC invocations=705 (full 3):
 PSYoungGen      total 4096K, used 3360K [0x00000000d5580000, 0x00000000d5b80000, 0x0000000100000000)
  eden space 3072K, 100% used [0x00000000d5580000,0x00000000d5880000,0x00000000d5880000)
  from space 1024K, 28% used [0x00000000d5a00000,0x00000000d5a48020,0x00000000d5b00000)
  to   space 512K, 0% used [0x00000000d5b00000,0x00000000d5b00000,0x00000000d5b80000)
 ParOldGen       total 1037312K, used 1036923K [0x0000000080000000, 0x00000000bf500000, 0x00000000d5580000)
  object space 1037312K, 99% used [0x0000000080000000,0x00000000bf49ee50,0x00000000bf500000)
 Metaspace       used 82269K, committed 84032K, reserved 1179648K
  class space    used 8714K, committed 9472K, reserved 1048576K
}
Event: 1351.504 GC heap after
{Heap after GC invocations=705 (full 3):
 PSYoungGen      total 3584K, used 224K [0x00000000d5580000, 0x00000000d5b80000, 0x0000000100000000)
  eden space 3072K, 0% used [0x00000000d5580000,0x00000000d5580000,0x00000000d5880000)
  from space 512K, 43% used [0x00000000d5b00000,0x00000000d5b38000,0x00000000d5b80000)
  to   space 512K, 0% used [0x00000000d5a80000,0x00000000d5a80000,0x00000000d5b00000)
 ParOldGen       total 1037312K, used 1037112K [0x0000000080000000, 0x00000000bf500000, 0x00000000d5580000)
  object space 1037312K, 99% used [0x0000000080000000,0x00000000bf4ce110,0x00000000bf500000)
 Metaspace       used 82269K, committed 84032K, reserved 1179648K
  class space    used 8714K, committed 9472K, reserved 1048576K
}
Event: 1351.645 GC heap before
{Heap before GC invocations=706 (full 3):
 PSYoungGen      total 3584K, used 3296K [0x00000000d5580000, 0x00000000d5b80000, 0x0000000100000000)
  eden space 3072K, 100% used [0x00000000d5580000,0x00000000d5880000,0x00000000d5880000)
  from space 512K, 43% used [0x00000000d5b00000,0x00000000d5b38000,0x00000000d5b80000)
  to   space 512K, 0% used [0x00000000d5a80000,0x00000000d5a80000,0x00000000d5b00000)
 ParOldGen       total 1037312K, used 1037112K [0x0000000080000000, 0x00000000bf500000, 0x00000000d5580000)
  object space 1037312K, 99% used [0x0000000080000000,0x00000000bf4ce110,0x00000000bf500000)
 Metaspace       used 82274K, committed 84032K, reserved 1179648K
  class space    used 8715K, committed 9472K, reserved 1048576K
}
Event: 1351.651 GC heap after
{Heap after GC invocations=706 (full 3):
 PSYoungGen      total 3584K, used 352K [0x00000000d5580000, 0x00000000d5b80000, 0x0000000100000000)
  eden space 3072K, 0% used [0x00000000d5580000,0x00000000d5580000,0x00000000d5880000)
  from space 512K, 68% used [0x00000000d5a80000,0x00000000d5ad8000,0x00000000d5b00000)
  to   space 512K, 0% used [0x00000000d5b00000,0x00000000d5b00000,0x00000000d5b80000)
 ParOldGen       total 1037312K, used 1037160K [0x0000000080000000, 0x00000000bf500000, 0x00000000d5580000)
  object space 1037312K, 99% used [0x0000000080000000,0x00000000bf4da110,0x00000000bf500000)
 Metaspace       used 82274K, committed 84032K, reserved 1179648K
  class space    used 8715K, committed 9472K, reserved 1048576K
}
Event: 1351.745 GC heap before
{Heap before GC invocations=707 (full 3):
 PSYoungGen      total 3584K, used 3424K [0x00000000d5580000, 0x00000000d5b80000, 0x0000000100000000)
  eden space 3072K, 100% used [0x00000000d5580000,0x00000000d5880000,0x00000000d5880000)
  from space 512K, 68% used [0x00000000d5a80000,0x00000000d5ad8000,0x00000000d5b00000)
  to   space 512K, 0% used [0x00000000d5b00000,0x00000000d5b00000,0x00000000d5b80000)
 ParOldGen       total 1037312K, used 1037160K [0x0000000080000000, 0x00000000bf500000, 0x00000000d5580000)
  object space 1037312K, 99% used [0x0000000080000000,0x00000000bf4da110,0x00000000bf500000)
 Metaspace       used 82275K, committed 84096K, reserved 1179648K
  class space    used 8715K, committed 9472K, reserved 1048576K
}
Event: 1351.757 GC heap after
{Heap after GC invocations=707 (full 3):
 PSYoungGen      total 3584K, used 288K [0x00000000d5580000, 0x00000000d5b80000, 0x0000000100000000)
  eden space 3072K, 0% used [0x00000000d5580000,0x00000000d5580000,0x00000000d5880000)
  from space 512K, 56% used [0x00000000d5b00000,0x00000000d5b48000,0x00000000d5b80000)
  to   space 512K, 0% used [0x00000000d5a80000,0x00000000d5a80000,0x00000000d5b00000)
 ParOldGen       total 1037312K, used 1037242K [0x0000000080000000, 0x00000000bf500000, 0x00000000d5580000)
  object space 1037312K, 99% used [0x0000000080000000,0x00000000bf4ee9d8,0x00000000bf500000)
 Metaspace       used 82275K, committed 84096K, reserved 1179648K
  class space    used 8715K, committed 9472K, reserved 1048576K
}
Event: 1352.131 GC heap before
{Heap before GC invocations=708 (full 3):
 PSYoungGen      total 3584K, used 3359K [0x00000000d5580000, 0x00000000d5b80000, 0x0000000100000000)
  eden space 3072K, 99% used [0x00000000d5580000,0x00000000d587fcd0,0x00000000d5880000)
  from space 512K, 56% used [0x00000000d5b00000,0x00000000d5b48000,0x00000000d5b80000)
  to   space 512K, 0% used [0x00000000d5a80000,0x00000000d5a80000,0x00000000d5b00000)
 ParOldGen       total 1037312K, used 1037242K [0x0000000080000000, 0x00000000bf500000, 0x00000000d5580000)
  object space 1037312K, 99% used [0x0000000080000000,0x00000000bf4ee9d8,0x00000000bf500000)
 Metaspace       used 82493K, committed 84288K, reserved 1179648K
  class space    used 8742K, committed 9536K, reserved 1048576K
}
Event: 1352.139 GC heap after
{Heap after GC invocations=708 (full 3):
 PSYoungGen      total 3584K, used 162K [0x00000000d5580000, 0x00000000d5b80000, 0x0000000100000000)
  eden space 3072K, 0% used [0x00000000d5580000,0x00000000d5580000,0x00000000d5880000)
  from space 512K, 31% used [0x00000000d5a80000,0x00000000d5aa8840,0x00000000d5b00000)
  to   space 512K, 0% used [0x00000000d5b00000,0x00000000d5b00000,0x00000000d5b80000)
 ParOldGen       total 1037312K, used 1037250K [0x0000000080000000, 0x00000000bf500000, 0x00000000d5580000)
  object space 1037312K, 99% used [0x0000000080000000,0x00000000bf4f09d8,0x00000000bf500000)
 Metaspace       used 82493K, committed 84288K, reserved 1179648K
  class space    used 8742K, committed 9536K, reserved 1048576K
}
Event: 1352.377 GC heap before
{Heap before GC invocations=709 (full 3):
 PSYoungGen      total 3584K, used 3234K [0x00000000d5580000, 0x00000000d5b80000, 0x0000000100000000)
  eden space 3072K, 100% used [0x00000000d5580000,0x00000000d5880000,0x00000000d5880000)
  from space 512K, 31% used [0x00000000d5a80000,0x00000000d5aa8840,0x00000000d5b00000)
  to   space 512K, 0% used [0x00000000d5b00000,0x00000000d5b00000,0x00000000d5b80000)
 ParOldGen       total 1037312K, used 1037250K [0x0000000080000000, 0x00000000bf500000, 0x00000000d5580000)
  object space 1037312K, 99% used [0x0000000080000000,0x00000000bf4f09d8,0x00000000bf500000)
 Metaspace       used 82849K, committed 84672K, reserved 1179648K
  class space    used 8803K, committed 9600K, reserved 1048576K
}
Event: 1352.381 GC heap after
{Heap after GC invocations=709 (full 3):
 PSYoungGen      total 3584K, used 351K [0x00000000d5580000, 0x00000000d5b80000, 0x0000000100000000)
  eden space 3072K, 0% used [0x00000000d5580000,0x00000000d5580000,0x00000000d5880000)
  from space 512K, 68% used [0x00000000d5b00000,0x00000000d5b57c48,0x00000000d5b80000)
  to   space 512K, 0% used [0x00000000d5a80000,0x00000000d5a80000,0x00000000d5b00000)
 ParOldGen       total 1037824K, used 1037372K [0x0000000080000000, 0x00000000bf580000, 0x00000000d5580000)
  object space 1037824K, 99% used [0x0000000080000000,0x00000000bf50f218,0x00000000bf580000)
 Metaspace       used 82849K, committed 84672K, reserved 1179648K
  class space    used 8803K, committed 9600K, reserved 1048576K
}
Event: 1352.634 GC heap before
{Heap before GC invocations=710 (full 3):
 PSYoungGen      total 3584K, used 3406K [0x00000000d5580000, 0x00000000d5b80000, 0x0000000100000000)
  eden space 3072K, 99% used [0x00000000d5580000,0x00000000d587bdb0,0x00000000d5880000)
  from space 512K, 68% used [0x00000000d5b00000,0x00000000d5b57c48,0x00000000d5b80000)
  to   space 512K, 0% used [0x00000000d5a80000,0x00000000d5a80000,0x00000000d5b00000)
 ParOldGen       total 1037824K, used 1037372K [0x0000000080000000, 0x00000000bf580000, 0x00000000d5580000)
  object space 1037824K, 99% used [0x0000000080000000,0x00000000bf50f218,0x00000000bf580000)
 Metaspace       used 83345K, committed 85184K, reserved 1179648K
  class space    used 8870K, committed 9664K, reserved 1048576K
}
Event: 1352.641 GC heap after
{Heap after GC invocations=710 (full 3):
 PSYoungGen      total 3584K, used 167K [0x00000000d5580000, 0x00000000d5b80000, 0x0000000100000000)
  eden space 3072K, 0% used [0x00000000d5580000,0x00000000d5580000,0x00000000d5880000)
  from space 512K, 32% used [0x00000000d5a80000,0x00000000d5aa9c60,0x00000000d5b00000)
  to   space 512K, 0% used [0x00000000d5b00000,0x00000000d5b00000,0x00000000d5b80000)
 ParOldGen       total 1037824K, used 1037624K [0x0000000080000000, 0x00000000bf580000, 0x00000000d5580000)
  object space 1037824K, 99% used [0x0000000080000000,0x00000000bf54e390,0x00000000bf580000)
 Metaspace       used 83345K, committed 85184K, reserved 1179648K
  class space    used 8870K, committed 9664K, reserved 1048576K
}
Event: 1352.821 GC heap before
{Heap before GC invocations=711 (full 3):
 PSYoungGen      total 3584K, used 3239K [0x00000000d5580000, 0x00000000d5b80000, 0x0000000100000000)
  eden space 3072K, 100% used [0x00000000d5580000,0x00000000d5880000,0x00000000d5880000)
  from space 512K, 32% used [0x00000000d5a80000,0x00000000d5aa9c60,0x00000000d5b00000)
  to   space 512K, 0% used [0x00000000d5b00000,0x00000000d5b00000,0x00000000d5b80000)
 ParOldGen       total 1037824K, used 1037624K [0x0000000080000000, 0x00000000bf580000, 0x00000000d5580000)
  object space 1037824K, 99% used [0x0000000080000000,0x00000000bf54e390,0x00000000bf580000)
 Metaspace       used 83860K, committed 85696K, reserved 1179648K
  class space    used 8921K, committed 9728K, reserved 1048576K
}
Event: 1352.825 GC heap after
{Heap after GC invocations=711 (full 3):
 PSYoungGen      total 3584K, used 492K [0x00000000d5580000, 0x00000000d5b80000, 0x0000000100000000)
  eden space 3072K, 0% used [0x00000000d5580000,0x00000000d5580000,0x00000000d5880000)
  from space 512K, 96% used [0x00000000d5b00000,0x00000000d5b7b1b0,0x00000000d5b80000)
  to   space 1024K, 0% used [0x00000000d5980000,0x00000000d5980000,0x00000000d5a80000)
 ParOldGen       total 1037824K, used 1037720K [0x0000000080000000, 0x00000000bf580000, 0x00000000d5580000)
  object space 1037824K, 99% used [0x0000000080000000,0x00000000bf566390,0x00000000bf580000)
 Metaspace       used 83860K, committed 85696K, reserved 1179648K
  class space    used 8921K, committed 9728K, reserved 1048576K
}

