# JRE version: OpenJDK Runtime Environment Temurin-21.0.10+7 (21.0.10+7) (build 21.0.10+7-LTS)
# Java VM: OpenJDK 64-Bit Server VM Temurin-21.0.10+7 (21.0.10+7-LTS, mixed mode, sharing, tiered, compressed oops, compressed class ptrs, parallel gc, windows-amd64)
GC Precious Log:
 CardTable entry size: 512
 CPUs: 4 total, 4 available
 Memory: 3901M
 Large Page Support: Disabled
 NUMA Support: Disabled
 Compressed Oops: Enabled (32-bit)
 Alignments: Space 512K, Generation 512K, Heap 2M
 Heap Min Capacity: 100M
 Heap Initial Capacity: 100M
 Heap Max Capacity: 2G
 Pre-touch: Disabled
 Parallel Workers: 4
Heap:
 PSYoungGen      total 9216K, used 5964K [0x00000000d5580000, 0x00000000d6100000, 0x0000000100000000)
  eden space 7168K, 54% used [0x00000000d5580000,0x00000000d59544b0,0x00000000d5c80000)
  from space 2048K, 99% used [0x00000000d5d80000,0x00000000d5f7ed98,0x00000000d5f80000)
  to   space 1024K, 0% used [0x00000000d6000000,0x00000000d6000000,0x00000000d6100000)
 ParOldGen       total 1218560K, used 480453K [0x0000000080000000, 0x00000000ca600000, 0x00000000d5580000)
  object space 1218560K, 39% used [0x0000000080000000,0x000000009d531750,0x00000000ca600000)
 Metaspace       used 85811K, committed 87680K, reserved 1179648K
  class space    used 9064K, committed 9920K, reserved 1048576K
GC Heap History (20 events):
Event: 855.858 GC heap before
{Heap before GC invocations=1056 (full 4):
 PSYoungGen      total 8192K, used 7807K [0x00000000d5580000, 0x00000000d6100000, 0x0000000100000000)
  eden space 7680K, 99% used [0x00000000d5580000,0x00000000d5cffff0,0x00000000d5d00000)
  from space 512K, 25% used [0x00000000d5e00000,0x00000000d5e20000,0x00000000d5e80000)
  to   space 1024K, 0% used [0x00000000d6000000,0x00000000d6000000,0x00000000d6100000)
 ParOldGen       total 1218560K, used 456693K [0x0000000080000000, 0x00000000ca600000, 0x00000000d5580000)
  object space 1218560K, 37% used [0x0000000080000000,0x000000009bdfd560,0x00000000ca600000)
 Metaspace       used 85707K, committed 87616K, reserved 1179648K
  class space    used 9064K, committed 9920K, reserved 1048576K
}
Event: 855.871 GC heap after
{Heap after GC invocations=1056 (full 4):
 PSYoungGen      total 8192K, used 1007K [0x00000000d5580000, 0x00000000d6400000, 0x0000000100000000)
  eden space 7168K, 0% used [0x00000000d5580000,0x00000000d5580000,0x00000000d5c80000)
  from space 1024K, 98% used [0x00000000d6000000,0x00000000d60fbf10,0x00000000d6100000)
  to   space 3584K, 0% used [0x00000000d5c80000,0x00000000d5c80000,0x00000000d6000000)
 ParOldGen       total 1218560K, used 458631K [0x0000000080000000, 0x00000000ca600000, 0x00000000d5580000)
  object space 1218560K, 37% used [0x0000000080000000,0x000000009bfe1e60,0x00000000ca600000)
 Metaspace       used 85707K, committed 87616K, reserved 1179648K
  class space    used 9064K, committed 9920K, reserved 1048576K
}
Event: 856.783 GC heap before
{Heap before GC invocations=1057 (full 4):
 PSYoungGen      total 8192K, used 8175K [0x00000000d5580000, 0x00000000d6400000, 0x0000000100000000)
  eden space 7168K, 100% used [0x00000000d5580000,0x00000000d5c80000,0x00000000d5c80000)
  from space 1024K, 98% used [0x00000000d6000000,0x00000000d60fbf10,0x00000000d6100000)
  to   space 3584K, 0% used [0x00000000d5c80000,0x00000000d5c80000,0x00000000d6000000)
 ParOldGen       total 1218560K, used 458631K [0x0000000080000000, 0x00000000ca600000, 0x00000000d5580000)
  object space 1218560K, 37% used [0x0000000080000000,0x000000009bfe1e60,0x00000000ca600000)
 Metaspace       used 85707K, committed 87616K, reserved 1179648K
  class space    used 9064K, committed 9920K, reserved 1048576K
}
Event: 856.797 GC heap after
{Heap after GC invocations=1057 (full 4):
 PSYoungGen      total 10752K, used 3561K [0x00000000d5580000, 0x00000000d6780000, 0x0000000100000000)
  eden space 7168K, 0% used [0x00000000d5580000,0x00000000d5580000,0x00000000d5c80000)
  from space 3584K, 99% used [0x00000000d5c80000,0x00000000d5ffa560,0x00000000d6000000)
  to   space 5632K, 0% used [0x00000000d6200000,0x00000000d6200000,0x00000000d6780000)
 ParOldGen       total 1218560K, used 459991K [0x0000000080000000, 0x00000000ca600000, 0x00000000d5580000)
  object space 1218560K, 37% used [0x0000000080000000,0x000000009c135e60,0x00000000ca600000)
 Metaspace       used 85707K, committed 87616K, reserved 1179648K
  class space    used 9064K, committed 9920K, reserved 1048576K
}
Event: 858.878 GC heap before
{Heap before GC invocations=1058 (full 4):
 PSYoungGen      total 10752K, used 10729K [0x00000000d5580000, 0x00000000d6780000, 0x0000000100000000)
  eden space 7168K, 100% used [0x00000000d5580000,0x00000000d5c80000,0x00000000d5c80000)
  from space 3584K, 99% used [0x00000000d5c80000,0x00000000d5ffa560,0x00000000d6000000)
  to   space 5632K, 0% used [0x00000000d6200000,0x00000000d6200000,0x00000000d6780000)
 ParOldGen       total 1218560K, used 459991K [0x0000000080000000, 0x00000000ca600000, 0x00000000d5580000)
  object space 1218560K, 37% used [0x0000000080000000,0x000000009c135e60,0x00000000ca600000)
 Metaspace       used 85719K, committed 87616K, reserved 1179648K
  class space    used 9064K, committed 9920K, reserved 1048576K
}
Event: 858.882 GC heap after
{Heap after GC invocations=1058 (full 4):
 PSYoungGen      total 8192K, used 656K [0x00000000d5580000, 0x00000000d6300000, 0x0000000100000000)
  eden space 7168K, 0% used [0x00000000d5580000,0x00000000d5580000,0x00000000d5c80000)
  from space 1024K, 64% used [0x00000000d6200000,0x00000000d62a4030,0x00000000d6300000)
  to   space 2560K, 0% used [0x00000000d5e00000,0x00000000d5e00000,0x00000000d6080000)
 ParOldGen       total 1218560K, used 460015K [0x0000000080000000, 0x00000000ca600000, 0x00000000d5580000)
  object space 1218560K, 37% used [0x0000000080000000,0x000000009c13be60,0x00000000ca600000)
 Metaspace       used 85719K, committed 87616K, reserved 1179648K
  class space    used 9064K, committed 9920K, reserved 1048576K
}
Event: 859.612 GC heap before
{Heap before GC invocations=1059 (full 4):
 PSYoungGen      total 8192K, used 7824K [0x00000000d5580000, 0x00000000d6300000, 0x0000000100000000)
  eden space 7168K, 100% used [0x00000000d5580000,0x00000000d5c80000,0x00000000d5c80000)
  from space 1024K, 64% used [0x00000000d6200000,0x00000000d62a4030,0x00000000d6300000)
  to   space 2560K, 0% used [0x00000000d5e00000,0x00000000d5e00000,0x00000000d6080000)
 ParOldGen       total 1218560K, used 460015K [0x0000000080000000, 0x00000000ca600000, 0x00000000d5580000)
  object space 1218560K, 37% used [0x0000000080000000,0x000000009c13be60,0x00000000ca600000)
 Metaspace       used 85726K, committed 87616K, reserved 1179648K
  class space    used 9064K, committed 9920K, reserved 1048576K
}
Event: 860.622 GC heap after
{Heap after GC invocations=1059 (full 4):
 PSYoungGen      total 9728K, used 2553K [0x00000000d5580000, 0x00000000d6480000, 0x0000000100000000)
  eden space 7168K, 0% used [0x00000000d5580000,0x00000000d5580000,0x00000000d5c80000)
  from space 2560K, 99% used [0x00000000d5e00000,0x00000000d607e570,0x00000000d6080000)
  to   space 4096K, 0% used [0x00000000d6080000,0x00000000d6080000,0x00000000d6480000)
 ParOldGen       total 1218560K, used 460591K [0x0000000080000000, 0x00000000ca600000, 0x00000000d5580000)
  object space 1218560K, 37% used [0x0000000080000000,0x000000009c1cbe80,0x00000000ca600000)
 Metaspace       used 85726K, committed 87616K, reserved 1179648K
  class space    used 9064K, committed 9920K, reserved 1048576K
}
Event: 860.672 GC heap before
{Heap before GC invocations=1060 (full 4):
 PSYoungGen      total 9728K, used 9721K [0x00000000d5580000, 0x00000000d6480000, 0x0000000100000000)
  eden space 7168K, 100% used [0x00000000d5580000,0x00000000d5c80000,0x00000000d5c80000)
  from space 2560K, 99% used [0x00000000d5e00000,0x00000000d607e570,0x00000000d6080000)
  to   space 4096K, 0% used [0x00000000d6080000,0x00000000d6080000,0x00000000d6480000)
 ParOldGen       total 1218560K, used 460591K [0x0000000080000000, 0x00000000ca600000, 0x00000000d5580000)
  object space 1218560K, 37% used [0x0000000080000000,0x000000009c1cbe80,0x00000000ca600000)
 Metaspace       used 85730K, committed 87616K, reserved 1179648K
  class space    used 9064K, committed 9920K, reserved 1048576K
}
Event: 860.680 GC heap after
{Heap after GC invocations=1060 (full 4):
 PSYoungGen      total 8192K, used 720K [0x00000000d5580000, 0x00000000d6180000, 0x0000000100000000)
  eden space 7168K, 0% used [0x00000000d5580000,0x00000000d5580000,0x00000000d5c80000)
  from space 1024K, 70% used [0x00000000d6080000,0x00000000d6134010,0x00000000d6180000)
  to   space 2048K, 0% used [0x00000000d5d80000,0x00000000d5d80000,0x00000000d5f80000)
 ParOldGen       total 1218560K, used 461137K [0x0000000080000000, 0x00000000ca600000, 0x00000000d5580000)
  object space 1218560K, 37% used [0x0000000080000000,0x000000009c254790,0x00000000ca600000)
 Metaspace       used 85730K, committed 87616K, reserved 1179648K
  class space    used 9064K, committed 9920K, reserved 1048576K
}
Event: 860.977 GC heap before
{Heap before GC invocations=1061 (full 4):
 PSYoungGen      total 8192K, used 7887K [0x00000000d5580000, 0x00000000d6180000, 0x0000000100000000)
  eden space 7168K, 99% used [0x00000000d5580000,0x00000000d5c7ff70,0x00000000d5c80000)
  from space 1024K, 70% used [0x00000000d6080000,0x00000000d6134010,0x00000000d6180000)
  to   space 2048K, 0% used [0x00000000d5d80000,0x00000000d5d80000,0x00000000d5f80000)
 ParOldGen       total 1218560K, used 461137K [0x0000000080000000, 0x00000000ca600000, 0x00000000d5580000)
  object space 1218560K, 37% used [0x0000000080000000,0x000000009c254790,0x00000000ca600000)
 Metaspace       used 85786K, committed 87680K, reserved 1179648K
  class space    used 9064K, committed 9920K, reserved 1048576K
}
Event: 860.980 GC heap after
{Heap after GC invocations=1061 (full 4):
 PSYoungGen      total 9216K, used 928K [0x00000000d5580000, 0x00000000d6100000, 0x0000000100000000)
  eden space 7168K, 0% used [0x00000000d5580000,0x00000000d5580000,0x00000000d5c80000)
  from space 2048K, 45% used [0x00000000d5d80000,0x00000000d5e68020,0x00000000d5f80000)
  to   space 1024K, 0% used [0x00000000d6000000,0x00000000d6000000,0x00000000d6100000)
 ParOldGen       total 1218560K, used 461196K [0x0000000080000000, 0x00000000ca600000, 0x00000000d5580000)
  object space 1218560K, 37% used [0x0000000080000000,0x000000009c263090,0x00000000ca600000)
 Metaspace       used 85786K, committed 87680K, reserved 1179648K
  class space    used 9064K, committed 9920K, reserved 1048576K
}
Event: 861.006 GC heap before
{Heap before GC invocations=1062 (full 4):
 PSYoungGen      total 9216K, used 8089K [0x00000000d5580000, 0x00000000d6100000, 0x0000000100000000)
  eden space 7168K, 99% used [0x00000000d5580000,0x00000000d5c7e500,0x00000000d5c80000)
  from space 2048K, 45% used [0x00000000d5d80000,0x00000000d5e68020,0x00000000d5f80000)
  to   space 1024K, 0% used [0x00000000d6000000,0x00000000d6000000,0x00000000d6100000)
 ParOldGen       total 1218560K, used 461196K [0x0000000080000000, 0x00000000ca600000, 0x00000000d5580000)
  object space 1218560K, 37% used [0x0000000080000000,0x000000009c263090,0x00000000ca600000)
 Metaspace       used 85786K, committed 87680K, reserved 1179648K
  class space    used 9064K, committed 9920K, reserved 1048576K
}
Event: 863.079 GC heap after
{Heap after GC invocations=1062 (full 4):
 PSYoungGen      total 8192K, used 1007K [0x00000000d5580000, 0x00000000d6100000, 0x0000000100000000)
  eden space 7168K, 0% used [0x00000000d5580000,0x00000000d5580000,0x00000000d5c80000)
  from space 1024K, 98% used [0x00000000d6000000,0x00000000d60fbe88,0x00000000d6100000)
  to   space 2048K, 0% used [0x00000000d5d80000,0x00000000d5d80000,0x00000000d5f80000)
 ParOldGen       total 1218560K, used 466925K [0x0000000080000000, 0x00000000ca600000, 0x00000000d5580000)
  object space 1218560K, 38% used [0x0000000080000000,0x000000009c7fb570,0x00000000ca600000)
 Metaspace       used 85786K, committed 87680K, reserved 1179648K
  class space    used 9064K, committed 9920K, reserved 1048576K
}
Event: 863.110 GC heap before
{Heap before GC invocations=1063 (full 4):
 PSYoungGen      total 8192K, used 8175K [0x00000000d5580000, 0x00000000d6100000, 0x0000000100000000)
  eden space 7168K, 100% used [0x00000000d5580000,0x00000000d5c80000,0x00000000d5c80000)
  from space 1024K, 98% used [0x00000000d6000000,0x00000000d60fbe88,0x00000000d6100000)
  to   space 2048K, 0% used [0x00000000d5d80000,0x00000000d5d80000,0x00000000d5f80000)
 ParOldGen       total 1218560K, used 466925K [0x0000000080000000, 0x00000000ca600000, 0x00000000d5580000)
  object space 1218560K, 38% used [0x0000000080000000,0x000000009c7fb570,0x00000000ca600000)
 Metaspace       used 85788K, committed 87680K, reserved 1179648K
  class space    used 9064K, committed 9920K, reserved 1048576K
}
Event: 865.154 GC heap after
{Heap after GC invocations=1063 (full 4):
 PSYoungGen      total 9216K, used 2042K [0x00000000d5580000, 0x00000000d6100000, 0x0000000100000000)
  eden space 7168K, 0% used [0x00000000d5580000,0x00000000d5580000,0x00000000d5c80000)
  from space 2048K, 99% used [0x00000000d5d80000,0x00000000d5f7ebd8,0x00000000d5f80000)
  to   space 1024K, 0% used [0x00000000d6000000,0x00000000d6000000,0x00000000d6100000)
 ParOldGen       total 1218560K, used 471277K [0x0000000080000000, 0x00000000ca600000, 0x00000000d5580000)
  object space 1218560K, 38% used [0x0000000080000000,0x000000009cc3b408,0x00000000ca600000)
 Metaspace       used 85788K, committed 87680K, reserved 1179648K
  class space    used 9064K, committed 9920K, reserved 1048576K
}
Event: 866.190 GC heap before
{Heap before GC invocations=1064 (full 4):
 PSYoungGen      total 9216K, used 9210K [0x00000000d5580000, 0x00000000d6100000, 0x0000000100000000)
  eden space 7168K, 100% used [0x00000000d5580000,0x00000000d5c80000,0x00000000d5c80000)
  from space 2048K, 99% used [0x00000000d5d80000,0x00000000d5f7ebd8,0x00000000d5f80000)
  to   space 1024K, 0% used [0x00000000d6000000,0x00000000d6000000,0x00000000d6100000)
 ParOldGen       total 1218560K, used 471277K [0x0000000080000000, 0x00000000ca600000, 0x00000000d5580000)
  object space 1218560K, 38% used [0x0000000080000000,0x000000009cc3b408,0x00000000ca600000)
 Metaspace       used 85792K, committed 87680K, reserved 1179648K
  class space    used 9064K, committed 9920K, reserved 1048576K
}
Event: 868.230 GC heap after
{Heap after GC invocations=1064 (full 4):
 PSYoungGen      total 8192K, used 1024K [0x00000000d5580000, 0x00000000d6100000, 0x0000000100000000)
  eden space 7168K, 0% used [0x00000000d5580000,0x00000000d5580000,0x00000000d5c80000)
  from space 1024K, 100% used [0x00000000d6000000,0x00000000d6100000,0x00000000d6100000)
  to   space 2048K, 0% used [0x00000000d5d80000,0x00000000d5d80000,0x00000000d5f80000)
 ParOldGen       total 1218560K, used 477461K [0x0000000080000000, 0x00000000ca600000, 0x00000000d5580000)
  object space 1218560K, 39% used [0x0000000080000000,0x000000009d245750,0x00000000ca600000)
 Metaspace       used 85792K, committed 87680K, reserved 1179648K
  class space    used 9064K, committed 9920K, reserved 1048576K
}
Event: 868.373 GC heap before
{Heap before GC invocations=1065 (full 4):
 PSYoungGen      total 8192K, used 8192K [0x00000000d5580000, 0x00000000d6100000, 0x0000000100000000)
  eden space 7168K, 100% used [0x00000000d5580000,0x00000000d5c80000,0x00000000d5c80000)
  from space 1024K, 100% used [0x00000000d6000000,0x00000000d6100000,0x00000000d6100000)
  to   space 2048K, 0% used [0x00000000d5d80000,0x00000000d5d80000,0x00000000d5f80000)
 ParOldGen       total 1218560K, used 477461K [0x0000000080000000, 0x00000000ca600000, 0x00000000d5580000)
  object space 1218560K, 39% used [0x0000000080000000,0x000000009d245750,0x00000000ca600000)
 Metaspace       used 85801K, committed 87680K, reserved 1179648K
  class space    used 9064K, committed 9920K, reserved 1048576K
}
Event: 870.381 GC heap after
{Heap after GC invocations=1065 (full 4):
 PSYoungGen      total 9216K, used 2043K [0x00000000d5580000, 0x00000000d6100000, 0x0000000100000000)
  eden space 7168K, 0% used [0x00000000d5580000,0x00000000d5580000,0x00000000d5c80000)
  from space 2048K, 99% used [0x00000000d5d80000,0x00000000d5f7ed98,0x00000000d5f80000)
  to   space 1024K, 0% used [0x00000000d6000000,0x00000000d6000000,0x00000000d6100000)
 ParOldGen       total 1218560K, used 480453K [0x0000000080000000, 0x00000000ca600000, 0x00000000d5580000)
  object space 1218560K, 39% used [0x0000000080000000,0x000000009d531750,0x00000000ca600000)
 Metaspace       used 85801K, committed 87680K, reserved 1179648K
  class space    used 9064K, committed 9920K, reserved 1048576K
}

