# JRE version: OpenJDK Runtime Environment Temurin-21.0.10+7 (21.0.10+7) (build 21.0.10+7-LTS)
# Java VM: OpenJDK 64-Bit Server VM Temurin-21.0.10+7 (21.0.10+7-LTS, mixed mode, sharing, tiered, compressed oops, compressed class ptrs, parallel gc, windows-amd64)
GC Precious Log:
 CardTable entry size: 512
 CPUs: 4 total, 4 available
 Memory: 3901M
 Large Page Support: Disabled
 NUMA Support: Disabled
 Compressed Oops: Enabled (32-bit)
 Alignments: Space 512K, Generation 512K, Heap 2M
 Heap Min Capacity: 100M
 Heap Initial Capacity: 100M
 Heap Max Capacity: 2G
 Pre-touch: Disabled
 Parallel Workers: 4
Heap:
 PSYoungGen      total 3584K, used 2486K [0x00000000d5580000, 0x00000000d5c00000, 0x0000000100000000)
  eden space 3072K, 76% used [0x00000000d5580000,0x00000000d57cdab8,0x00000000d5880000)
  from space 512K, 25% used [0x00000000d5b00000,0x00000000d5b20000,0x00000000d5b80000)
  to   space 512K, 0% used [0x00000000d5b80000,0x00000000d5b80000,0x00000000d5c00000)
 ParOldGen       total 117760K, used 117455K [0x0000000080000000, 0x0000000087300000, 0x00000000d5580000)
  object space 117760K, 99% used [0x0000000080000000,0x00000000872b3fa8,0x0000000087300000)
 Metaspace       used 78492K, committed 80064K, reserved 1179648K
  class space    used 8309K, committed 9088K, reserved 1048576K
GC Heap History (20 events):
Event: 3899.032 GC heap before
{Heap before GC invocations=1190 (full 4):
 PSYoungGen      total 3072K, used 3035K [0x00000000d5580000, 0x00000000d5f80000, 0x0000000100000000)
  eden space 1536K, 97% used [0x00000000d5580000,0x00000000d56f6e90,0x00000000d5700000)
  from space 1536K, 100% used [0x00000000d5700000,0x00000000d5880000,0x00000000d5880000)
  to   space 3584K, 0% used [0x00000000d5c00000,0x00000000d5c00000,0x00000000d5f80000)
 ParOldGen       total 104960K, used 104509K [0x0000000080000000, 0x0000000086680000, 0x00000000d5580000)
  object space 104960K, 99% used [0x0000000080000000,0x000000008660f588,0x0000000086680000)
 Metaspace       used 78270K, committed 80000K, reserved 1179648K
  class space    used 8280K, committed 9088K, reserved 1048576K
}
Event: 3899.036 GC heap after
{Heap after GC invocations=1190 (full 4):
 PSYoungGen      total 3072K, used 1410K [0x00000000d5580000, 0x00000000d5d80000, 0x0000000100000000)
  eden space 1536K, 0% used [0x00000000d5580000,0x00000000d5580000,0x00000000d5700000)
  from space 1536K, 91% used [0x00000000d5c00000,0x00000000d5d60800,0x00000000d5d80000)
  to   space 2048K, 0% used [0x00000000d5980000,0x00000000d5980000,0x00000000d5b80000)
 ParOldGen       total 106496K, used 106013K [0x0000000080000000, 0x0000000086800000, 0x00000000d5580000)
  object space 106496K, 99% used [0x0000000080000000,0x0000000086787588,0x0000000086800000)
 Metaspace       used 78270K, committed 80000K, reserved 1179648K
  class space    used 8280K, committed 9088K, reserved 1048576K
}
Event: 3899.061 GC heap before
{Heap before GC invocations=1191 (full 4):
 PSYoungGen      total 3072K, used 2935K [0x00000000d5580000, 0x00000000d5d80000, 0x0000000100000000)
  eden space 1536K, 99% used [0x00000000d5580000,0x00000000d56fd4a0,0x00000000d5700000)
  from space 1536K, 91% used [0x00000000d5c00000,0x00000000d5d60800,0x00000000d5d80000)
  to   space 2048K, 0% used [0x00000000d5980000,0x00000000d5980000,0x00000000d5b80000)
 ParOldGen       total 106496K, used 106013K [0x0000000080000000, 0x0000000086800000, 0x00000000d5580000)
  object space 106496K, 99% used [0x0000000080000000,0x0000000086787588,0x0000000086800000)
 Metaspace       used 78270K, committed 80000K, reserved 1179648K
  class space    used 8280K, committed 9088K, reserved 1048576K
}
Event: 3899.067 GC heap after
{Heap after GC invocations=1191 (full 4):
 PSYoungGen      total 3072K, used 1360K [0x00000000d5580000, 0x00000000d5c80000, 0x0000000100000000)
  eden space 1536K, 0% used [0x00000000d5580000,0x00000000d5580000,0x00000000d5700000)
  from space 1536K, 88% used [0x00000000d5980000,0x00000000d5ad4000,0x00000000d5b00000)
  to   space 1536K, 0% used [0x00000000d5b00000,0x00000000d5b00000,0x00000000d5c80000)
 ParOldGen       total 107520K, used 107301K [0x0000000080000000, 0x0000000086900000, 0x00000000d5580000)
  object space 107520K, 99% used [0x0000000080000000,0x00000000868c9588,0x0000000086900000)
 Metaspace       used 78270K, committed 80000K, reserved 1179648K
  class space    used 8280K, committed 9088K, reserved 1048576K
}
Event: 3899.273 GC heap before
{Heap before GC invocations=1192 (full 4):
 PSYoungGen      total 3072K, used 2886K [0x00000000d5580000, 0x00000000d5c80000, 0x0000000100000000)
  eden space 1536K, 99% used [0x00000000d5580000,0x00000000d56fdbf8,0x00000000d5700000)
  from space 1536K, 88% used [0x00000000d5980000,0x00000000d5ad4000,0x00000000d5b00000)
  to   space 1536K, 0% used [0x00000000d5b00000,0x00000000d5b00000,0x00000000d5c80000)
 ParOldGen       total 109568K, used 108869K [0x0000000080000000, 0x0000000086b00000, 0x00000000d5580000)
  object space 109568K, 99% used [0x0000000080000000,0x0000000086a51588,0x0000000086b00000)
 Metaspace       used 78270K, committed 80000K, reserved 1179648K
  class space    used 8280K, committed 9088K, reserved 1048576K
}
Event: 3899.277 GC heap after
{Heap after GC invocations=1192 (full 4):
 PSYoungGen      total 3072K, used 1077K [0x00000000d5580000, 0x00000000d5c80000, 0x0000000100000000)
  eden space 1536K, 0% used [0x00000000d5580000,0x00000000d5580000,0x00000000d5700000)
  from space 1536K, 70% used [0x00000000d5b00000,0x00000000d5c0d510,0x00000000d5c80000)
  to   space 1536K, 0% used [0x00000000d5980000,0x00000000d5980000,0x00000000d5b00000)
 ParOldGen       total 109568K, used 109413K [0x0000000080000000, 0x0000000086b00000, 0x00000000d5580000)
  object space 109568K, 99% used [0x0000000080000000,0x0000000086ad9588,0x0000000086b00000)
 Metaspace       used 78270K, committed 80000K, reserved 1179648K
  class space    used 8280K, committed 9088K, reserved 1048576K
}
Event: 3899.282 GC heap before
{Heap before GC invocations=1193 (full 4):
 PSYoungGen      total 3072K, used 2613K [0x00000000d5580000, 0x00000000d5c80000, 0x0000000100000000)
  eden space 1536K, 100% used [0x00000000d5580000,0x00000000d5700000,0x00000000d5700000)
  from space 1536K, 70% used [0x00000000d5b00000,0x00000000d5c0d510,0x00000000d5c80000)
  to   space 1536K, 0% used [0x00000000d5980000,0x00000000d5980000,0x00000000d5b00000)
 ParOldGen       total 109568K, used 109413K [0x0000000080000000, 0x0000000086b00000, 0x00000000d5580000)
  object space 109568K, 99% used [0x0000000080000000,0x0000000086ad9588,0x0000000086b00000)
 Metaspace       used 78270K, committed 80000K, reserved 1179648K
  class space    used 8280K, committed 9088K, reserved 1048576K
}
Event: 3899.286 GC heap after
{Heap after GC invocations=1193 (full 4):
 PSYoungGen      total 3072K, used 1525K [0x00000000d5580000, 0x00000000d5d00000, 0x0000000100000000)
  eden space 1536K, 0% used [0x00000000d5580000,0x00000000d5580000,0x00000000d5700000)
  from space 1536K, 99% used [0x00000000d5980000,0x00000000d5afd510,0x00000000d5b00000)
  to   space 2048K, 0% used [0x00000000d5b00000,0x00000000d5b00000,0x00000000d5d00000)
 ParOldGen       total 110592K, used 110466K [0x0000000080000000, 0x0000000086c00000, 0x00000000d5580000)
  object space 110592K, 99% used [0x0000000080000000,0x0000000086be0a98,0x0000000086c00000)
 Metaspace       used 78270K, committed 80000K, reserved 1179648K
  class space    used 8280K, committed 9088K, reserved 1048576K
}
Event: 3899.290 GC heap before
{Heap before GC invocations=1194 (full 4):
 PSYoungGen      total 3072K, used 3061K [0x00000000d5580000, 0x00000000d5d00000, 0x0000000100000000)
  eden space 1536K, 100% used [0x00000000d5580000,0x00000000d5700000,0x00000000d5700000)
  from space 1536K, 99% used [0x00000000d5980000,0x00000000d5afd510,0x00000000d5b00000)
  to   space 2048K, 0% used [0x00000000d5b00000,0x00000000d5b00000,0x00000000d5d00000)
 ParOldGen       total 110592K, used 110466K [0x0000000080000000, 0x0000000086c00000, 0x00000000d5580000)
  object space 110592K, 99% used [0x0000000080000000,0x0000000086be0a98,0x0000000086c00000)
 Metaspace       used 78270K, committed 80000K, reserved 1179648K
  class space    used 8280K, committed 9088K, reserved 1048576K
}
Event: 3899.293 GC heap after
{Heap after GC invocations=1194 (full 4):
 PSYoungGen      total 4096K, used 1568K [0x00000000d5580000, 0x00000000d5d00000, 0x0000000100000000)
  eden space 2048K, 0% used [0x00000000d5580000,0x00000000d5580000,0x00000000d5780000)
  from space 2048K, 76% used [0x00000000d5b00000,0x00000000d5c88000,0x00000000d5d00000)
  to   space 2048K, 0% used [0x00000000d5900000,0x00000000d5900000,0x00000000d5b00000)
 ParOldGen       total 112128K, used 111983K [0x0000000080000000, 0x0000000086d80000, 0x00000000d5580000)
  object space 112128K, 99% used [0x0000000080000000,0x0000000086d5bfa8,0x0000000086d80000)
 Metaspace       used 78270K, committed 80000K, reserved 1179648K
  class space    used 8280K, committed 9088K, reserved 1048576K
}
Event: 3899.300 GC heap before
{Heap before GC invocations=1195 (full 4):
 PSYoungGen      total 4096K, used 3616K [0x00000000d5580000, 0x00000000d5d00000, 0x0000000100000000)
  eden space 2048K, 100% used [0x00000000d5580000,0x00000000d5780000,0x00000000d5780000)
  from space 2048K, 76% used [0x00000000d5b00000,0x00000000d5c88000,0x00000000d5d00000)
  to   space 2048K, 0% used [0x00000000d5900000,0x00000000d5900000,0x00000000d5b00000)
 ParOldGen       total 112128K, used 111983K [0x0000000080000000, 0x0000000086d80000, 0x00000000d5580000)
  object space 112128K, 99% used [0x0000000080000000,0x0000000086d5bfa8,0x0000000086d80000)
 Metaspace       used 78270K, committed 80000K, reserved 1179648K
  class space    used 8280K, committed 9088K, reserved 1048576K
}
Event: 3899.305 GC heap after
{Heap after GC invocations=1195 (full 4):
 PSYoungGen      total 4608K, used 2048K [0x00000000d5580000, 0x00000000d6000000, 0x0000000100000000)
  eden space 2560K, 0% used [0x00000000d5580000,0x00000000d5580000,0x00000000d5800000)
  from space 2048K, 100% used [0x00000000d5900000,0x00000000d5b00000,0x00000000d5b00000)
  to   space 4096K, 0% used [0x00000000d5c00000,0x00000000d5c00000,0x00000000d6000000)
 ParOldGen       total 113664K, used 113527K [0x0000000080000000, 0x0000000086f00000, 0x00000000d5580000)
  object space 113664K, 99% used [0x0000000080000000,0x0000000086eddfa8,0x0000000086f00000)
 Metaspace       used 78270K, committed 80000K, reserved 1179648K
  class space    used 8280K, committed 9088K, reserved 1048576K
}
Event: 3899.350 GC heap before
{Heap before GC invocations=1196 (full 4):
 PSYoungGen      total 4608K, used 4608K [0x00000000d5580000, 0x00000000d6000000, 0x0000000100000000)
  eden space 2560K, 100% used [0x00000000d5580000,0x00000000d5800000,0x00000000d5800000)
  from space 2048K, 100% used [0x00000000d5900000,0x00000000d5b00000,0x00000000d5b00000)
  to   space 4096K, 0% used [0x00000000d5c00000,0x00000000d5c00000,0x00000000d6000000)
 ParOldGen       total 113664K, used 113527K [0x0000000080000000, 0x0000000086f00000, 0x00000000d5580000)
  object space 113664K, 99% used [0x0000000080000000,0x0000000086eddfa8,0x0000000086f00000)
 Metaspace       used 78271K, committed 80000K, reserved 1179648K
  class space    used 8280K, committed 9088K, reserved 1048576K
}
Event: 3899.355 GC heap after
{Heap after GC invocations=1196 (full 4):
 PSYoungGen      total 5120K, used 1920K [0x00000000d5580000, 0x00000000d5e00000, 0x0000000100000000)
  eden space 3072K, 0% used [0x00000000d5580000,0x00000000d5580000,0x00000000d5880000)
  from space 2048K, 93% used [0x00000000d5c00000,0x00000000d5de0000,0x00000000d5e00000)
  to   space 2560K, 0% used [0x00000000d5900000,0x00000000d5900000,0x00000000d5b80000)
 ParOldGen       total 115712K, used 115551K [0x0000000080000000, 0x0000000087100000, 0x00000000d5580000)
  object space 115712K, 99% used [0x0000000080000000,0x00000000870d7fa8,0x0000000087100000)
 Metaspace       used 78271K, committed 80000K, reserved 1179648K
  class space    used 8280K, committed 9088K, reserved 1048576K
}
Event: 3901.174 GC heap before
{Heap before GC invocations=1197 (full 4):
 PSYoungGen      total 5120K, used 4991K [0x00000000d5580000, 0x00000000d5e00000, 0x0000000100000000)
  eden space 3072K, 99% used [0x00000000d5580000,0x00000000d587ffe8,0x00000000d5880000)
  from space 2048K, 93% used [0x00000000d5c00000,0x00000000d5de0000,0x00000000d5e00000)
  to   space 2560K, 0% used [0x00000000d5900000,0x00000000d5900000,0x00000000d5b80000)
 ParOldGen       total 115712K, used 115551K [0x0000000080000000, 0x0000000087100000, 0x00000000d5580000)
  object space 115712K, 99% used [0x0000000080000000,0x00000000870d7fa8,0x0000000087100000)
 Metaspace       used 78285K, committed 80000K, reserved 1179648K
  class space    used 8280K, committed 9088K, reserved 1048576K
}
Event: 3901.177 GC heap after
{Heap after GC invocations=1197 (full 4):
 PSYoungGen      total 5632K, used 240K [0x00000000d5580000, 0x00000000d5c80000, 0x0000000100000000)
  eden space 3072K, 0% used [0x00000000d5580000,0x00000000d5580000,0x00000000d5880000)
  from space 2560K, 9% used [0x00000000d5900000,0x00000000d593c010,0x00000000d5b80000)
  to   space 1024K, 0% used [0x00000000d5b80000,0x00000000d5b80000,0x00000000d5c80000)
 ParOldGen       total 117760K, used 117383K [0x0000000080000000, 0x0000000087300000, 0x00000000d5580000)
  object space 117760K, 99% used [0x0000000080000000,0x00000000872a1fa8,0x0000000087300000)
 Metaspace       used 78285K, committed 80000K, reserved 1179648K
  class space    used 8280K, committed 9088K, reserved 1048576K
}
Event: 3939.703 GC heap before
{Heap before GC invocations=1198 (full 4):
 PSYoungGen      total 5632K, used 3273K [0x00000000d5580000, 0x00000000d5c80000, 0x0000000100000000)
  eden space 3072K, 98% used [0x00000000d5580000,0x00000000d5876570,0x00000000d5880000)
  from space 2560K, 9% used [0x00000000d5900000,0x00000000d593c010,0x00000000d5b80000)
  to   space 1024K, 0% used [0x00000000d5b80000,0x00000000d5b80000,0x00000000d5c80000)
 ParOldGen       total 117760K, used 117383K [0x0000000080000000, 0x0000000087300000, 0x00000000d5580000)
  object space 117760K, 99% used [0x0000000080000000,0x00000000872a1fa8,0x0000000087300000)
 Metaspace       used 78332K, committed 80064K, reserved 1179648K
  class space    used 8285K, committed 9088K, reserved 1048576K
}
Event: 3939.811 GC heap after
{Heap after GC invocations=1198 (full 4):
 PSYoungGen      total 3584K, used 128K [0x00000000d5580000, 0x00000000d5c00000, 0x0000000100000000)
  eden space 3072K, 0% used [0x00000000d5580000,0x00000000d5580000,0x00000000d5880000)
  from space 512K, 25% used [0x00000000d5b80000,0x00000000d5ba0000,0x00000000d5c00000)
  to   space 512K, 0% used [0x00000000d5b00000,0x00000000d5b00000,0x00000000d5b80000)
 ParOldGen       total 117760K, used 117423K [0x0000000080000000, 0x0000000087300000, 0x00000000d5580000)
  object space 117760K, 99% used [0x0000000080000000,0x00000000872abfa8,0x0000000087300000)
 Metaspace       used 78332K, committed 80064K, reserved 1179648K
  class space    used 8285K, committed 9088K, reserved 1048576K
}
Event: 3940.002 GC heap before
{Heap before GC invocations=1199 (full 4):
 PSYoungGen      total 3584K, used 3200K [0x00000000d5580000, 0x00000000d5c00000, 0x0000000100000000)
  eden space 3072K, 100% used [0x00000000d5580000,0x00000000d5880000,0x00000000d5880000)
  from space 512K, 25% used [0x00000000d5b80000,0x00000000d5ba0000,0x00000000d5c00000)
  to   space 512K, 0% used [0x00000000d5b00000,0x00000000d5b00000,0x00000000d5b80000)
 ParOldGen       total 117760K, used 117423K [0x0000000080000000, 0x0000000087300000, 0x00000000d5580000)
  object space 117760K, 99% used [0x0000000080000000,0x00000000872abfa8,0x0000000087300000)
 Metaspace       used 78339K, committed 80064K, reserved 1179648K
  class space    used 8287K, committed 9088K, reserved 1048576K
}
Event: 3940.005 GC heap after
{Heap after GC invocations=1199 (full 4):
 PSYoungGen      total 3584K, used 128K [0x00000000d5580000, 0x00000000d5c00000, 0x0000000100000000)
  eden space 3072K, 0% used [0x00000000d5580000,0x00000000d5580000,0x00000000d5880000)
  from space 512K, 25% used [0x00000000d5b00000,0x00000000d5b20000,0x00000000d5b80000)
  to   space 512K, 0% used [0x00000000d5b80000,0x00000000d5b80000,0x00000000d5c00000)
 ParOldGen       total 117760K, used 117455K [0x0000000080000000, 0x0000000087300000, 0x00000000d5580000)
  object space 117760K, 99% used [0x0000000080000000,0x00000000872b3fa8,0x0000000087300000)
 Metaspace       used 78339K, committed 80064K, reserved 1179648K
  class space    used 8287K, committed 9088K, reserved 1048576K
}

