# JRE version: OpenJDK Runtime Environment Temurin-21.0.10+7 (21.0.10+7) (build 21.0.10+7-LTS)
# Java VM: OpenJDK 64-Bit Server VM Temurin-21.0.10+7 (21.0.10+7-LTS, mixed mode, sharing, tiered, compressed oops, compressed class ptrs, parallel gc, windows-amd64)
GC Precious Log:
 CardTable entry size: 512
 CPUs: 4 total, 4 available
 Memory: 3901M
 Large Page Support: Disabled
 NUMA Support: Disabled
 Compressed Oops: Enabled (32-bit)
 Alignments: Space 512K, Generation 512K, Heap 2M
 Heap Min Capacity: 100M
 Heap Initial Capacity: 100M
 Heap Max Capacity: 2G
 Pre-touch: Disabled
 Parallel Workers: 4
Heap:
 PSYoungGen      total 4608K, used 3584K [0x00000000d5580000, 0x00000000d5b80000, 0x0000000100000000)
  eden space 3072K, 100% used [0x00000000d5580000,0x00000000d5880000,0x00000000d5880000)
  from space 1536K, 33% used [0x00000000d5880000,0x00000000d5900000,0x00000000d5a00000)
  to   space 1024K, 50% used [0x00000000d5a80000,0x00000000d5b01240,0x00000000d5b80000)
 ParOldGen       total 818688K, used 818512K [0x0000000080000000, 0x00000000b1f80000, 0x00000000d5580000)
  object space 818688K, 99% used [0x0000000080000000,0x00000000b1f54170,0x00000000b1f80000)
 Metaspace       used 75245K, committed 76800K, reserved 1179648K
  class space    used 8054K, committed 8704K, reserved 1048576K
GC Heap History (20 events):
Event: 210.951 GC heap after
{Heap after GC invocations=1090 (full 3):
 PSYoungGen      total 4096K, used 288K [0x00000000d5580000, 0x00000000d5c80000, 0x0000000100000000)
  eden space 3584K, 0% used [0x00000000d5580000,0x00000000d5580000,0x00000000d5900000)
  from space 512K, 56% used [0x00000000d5900000,0x00000000d5948000,0x00000000d5980000)
  to   space 1536K, 0% used [0x00000000d5b00000,0x00000000d5b00000,0x00000000d5c80000)
 ParOldGen       total 811008K, used 810543K [0x0000000080000000, 0x00000000b1800000, 0x00000000d5580000)
  object space 811008K, 99% used [0x0000000080000000,0x00000000b178bc68,0x00000000b1800000)
 Metaspace       used 75209K, committed 76736K, reserved 1179648K
  class space    used 8053K, committed 8704K, reserved 1048576K
}
Event: 210.986 GC heap before
{Heap before GC invocations=1091 (full 3):
 PSYoungGen      total 4096K, used 3872K [0x00000000d5580000, 0x00000000d5c80000, 0x0000000100000000)
  eden space 3584K, 100% used [0x00000000d5580000,0x00000000d5900000,0x00000000d5900000)
  from space 512K, 56% used [0x00000000d5900000,0x00000000d5948000,0x00000000d5980000)
  to   space 1536K, 0% used [0x00000000d5b00000,0x00000000d5b00000,0x00000000d5c80000)
 ParOldGen       total 811008K, used 810543K [0x0000000080000000, 0x00000000b1800000, 0x00000000d5580000)
  object space 811008K, 99% used [0x0000000080000000,0x00000000b178bc68,0x00000000b1800000)
 Metaspace       used 75217K, committed 76800K, reserved 1179648K
  class space    used 8053K, committed 8704K, reserved 1048576K
}
Event: 210.992 GC heap after
{Heap after GC invocations=1091 (full 3):
 PSYoungGen      total 4096K, used 480K [0x00000000d5580000, 0x00000000d5b80000, 0x0000000100000000)
  eden space 3584K, 0% used [0x00000000d5580000,0x00000000d5580000,0x00000000d5900000)
  from space 512K, 93% used [0x00000000d5b00000,0x00000000d5b78000,0x00000000d5b80000)
  to   space 1024K, 0% used [0x00000000d5980000,0x00000000d5980000,0x00000000d5a80000)
 ParOldGen       total 811008K, used 810807K [0x0000000080000000, 0x00000000b1800000, 0x00000000d5580000)
  object space 811008K, 99% used [0x0000000080000000,0x00000000b17cdc68,0x00000000b1800000)
 Metaspace       used 75217K, committed 76800K, reserved 1179648K
  class space    used 8053K, committed 8704K, reserved 1048576K
}
Event: 211.013 GC heap before
{Heap before GC invocations=1092 (full 3):
 PSYoungGen      total 4096K, used 4064K [0x00000000d5580000, 0x00000000d5b80000, 0x0000000100000000)
  eden space 3584K, 100% used [0x00000000d5580000,0x00000000d5900000,0x00000000d5900000)
  from space 512K, 93% used [0x00000000d5b00000,0x00000000d5b78000,0x00000000d5b80000)
  to   space 1024K, 0% used [0x00000000d5980000,0x00000000d5980000,0x00000000d5a80000)
 ParOldGen       total 811008K, used 810807K [0x0000000080000000, 0x00000000b1800000, 0x00000000d5580000)
  object space 811008K, 99% used [0x0000000080000000,0x00000000b17cdc68,0x00000000b1800000)
 Metaspace       used 75219K, committed 76800K, reserved 1179648K
  class space    used 8053K, committed 8704K, reserved 1048576K
}
Event: 211.019 GC heap after
{Heap after GC invocations=1092 (full 3):
 PSYoungGen      total 4608K, used 601K [0x00000000d5580000, 0x00000000d5b80000, 0x0000000100000000)
  eden space 3584K, 0% used [0x00000000d5580000,0x00000000d5580000,0x00000000d5900000)
  from space 1024K, 58% used [0x00000000d5980000,0x00000000d5a16550,0x00000000d5a80000)
  to   space 1024K, 0% used [0x00000000d5a80000,0x00000000d5a80000,0x00000000d5b80000)
 ParOldGen       total 811520K, used 811231K [0x0000000080000000, 0x00000000b1880000, 0x00000000d5580000)
  object space 811520K, 99% used [0x0000000080000000,0x00000000b1837c68,0x00000000b1880000)
 Metaspace       used 75219K, committed 76800K, reserved 1179648K
  class space    used 8053K, committed 8704K, reserved 1048576K
}
Event: 211.042 GC heap before
{Heap before GC invocations=1093 (full 3):
 PSYoungGen      total 4608K, used 4185K [0x00000000d5580000, 0x00000000d5b80000, 0x0000000100000000)
  eden space 3584K, 100% used [0x00000000d5580000,0x00000000d5900000,0x00000000d5900000)
  from space 1024K, 58% used [0x00000000d5980000,0x00000000d5a16550,0x00000000d5a80000)
  to   space 1024K, 0% used [0x00000000d5a80000,0x00000000d5a80000,0x00000000d5b80000)
 ParOldGen       total 811520K, used 811231K [0x0000000080000000, 0x00000000b1880000, 0x00000000d5580000)
  object space 811520K, 99% used [0x0000000080000000,0x00000000b1837c68,0x00000000b1880000)
 Metaspace       used 75219K, committed 76800K, reserved 1179648K
  class space    used 8053K, committed 8704K, reserved 1048576K
}
Event: 211.049 GC heap after
{Heap after GC invocations=1093 (full 3):
 PSYoungGen      total 4096K, used 512K [0x00000000d5580000, 0x00000000d5b00000, 0x0000000100000000)
  eden space 3584K, 0% used [0x00000000d5580000,0x00000000d5580000,0x00000000d5900000)
  from space 512K, 100% used [0x00000000d5a80000,0x00000000d5b00000,0x00000000d5b00000)
  to   space 1024K, 0% used [0x00000000d5900000,0x00000000d5900000,0x00000000d5a00000)
 ParOldGen       total 812032K, used 811743K [0x0000000080000000, 0x00000000b1900000, 0x00000000d5580000)
  object space 812032K, 99% used [0x0000000080000000,0x00000000b18b7c68,0x00000000b1900000)
 Metaspace       used 75219K, committed 76800K, reserved 1179648K
  class space    used 8053K, committed 8704K, reserved 1048576K
}
Event: 211.118 GC heap before
{Heap before GC invocations=1094 (full 3):
 PSYoungGen      total 4096K, used 4080K [0x00000000d5580000, 0x00000000d5b00000, 0x0000000100000000)
  eden space 3584K, 99% used [0x00000000d5580000,0x00000000d58fc030,0x00000000d5900000)
  from space 512K, 100% used [0x00000000d5a80000,0x00000000d5b00000,0x00000000d5b00000)
  to   space 1024K, 0% used [0x00000000d5900000,0x00000000d5900000,0x00000000d5a00000)
 ParOldGen       total 812032K, used 811743K [0x0000000080000000, 0x00000000b1900000, 0x00000000d5580000)
  object space 812032K, 99% used [0x0000000080000000,0x00000000b18b7c68,0x00000000b1900000)
 Metaspace       used 75222K, committed 76800K, reserved 1179648K
  class space    used 8054K, committed 8704K, reserved 1048576K
}
Event: 211.125 GC heap after
{Heap after GC invocations=1094 (full 3):
 PSYoungGen      total 4608K, used 560K [0x00000000d5580000, 0x00000000d5b00000, 0x0000000100000000)
  eden space 3584K, 0% used [0x00000000d5580000,0x00000000d5580000,0x00000000d5900000)
  from space 1024K, 54% used [0x00000000d5900000,0x00000000d598c128,0x00000000d5a00000)
  to   space 1024K, 0% used [0x00000000d5a00000,0x00000000d5a00000,0x00000000d5b00000)
 ParOldGen       total 814080K, used 813728K [0x0000000080000000, 0x00000000b1b00000, 0x00000000d5580000)
  object space 814080K, 99% used [0x0000000080000000,0x00000000b1aa82d0,0x00000000b1b00000)
 Metaspace       used 75222K, committed 76800K, reserved 1179648K
  class space    used 8054K, committed 8704K, reserved 1048576K
}
Event: 211.132 GC heap before
{Heap before GC invocations=1095 (full 3):
 PSYoungGen      total 4608K, used 4139K [0x00000000d5580000, 0x00000000d5b00000, 0x0000000100000000)
  eden space 3584K, 99% used [0x00000000d5580000,0x00000000d58fee50,0x00000000d5900000)
  from space 1024K, 54% used [0x00000000d5900000,0x00000000d598c128,0x00000000d5a00000)
  to   space 1024K, 0% used [0x00000000d5a00000,0x00000000d5a00000,0x00000000d5b00000)
 ParOldGen       total 814080K, used 813728K [0x0000000080000000, 0x00000000b1b00000, 0x00000000d5580000)
  object space 814080K, 99% used [0x0000000080000000,0x00000000b1aa82d0,0x00000000b1b00000)
 Metaspace       used 75222K, committed 76800K, reserved 1179648K
  class space    used 8054K, committed 8704K, reserved 1048576K
}
Event: 211.136 GC heap after
{Heap after GC invocations=1095 (full 3):
 PSYoungGen      total 4608K, used 544K [0x00000000d5580000, 0x00000000d5c00000, 0x0000000100000000)
  eden space 3584K, 0% used [0x00000000d5580000,0x00000000d5580000,0x00000000d5900000)
  from space 1024K, 53% used [0x00000000d5a00000,0x00000000d5a880d8,0x00000000d5b00000)
  to   space 1024K, 0% used [0x00000000d5900000,0x00000000d5900000,0x00000000d5a00000)
 ParOldGen       total 817152K, used 816947K [0x0000000080000000, 0x00000000b1e00000, 0x00000000d5580000)
  object space 817152K, 99% used [0x0000000080000000,0x00000000b1dccfa0,0x00000000b1e00000)
 Metaspace       used 75222K, committed 76800K, reserved 1179648K
  class space    used 8054K, committed 8704K, reserved 1048576K
}
Event: 211.153 GC heap before
{Heap before GC invocations=1096 (full 3):
 PSYoungGen      total 4608K, used 4128K [0x00000000d5580000, 0x00000000d5c00000, 0x0000000100000000)
  eden space 3584K, 100% used [0x00000000d5580000,0x00000000d5900000,0x00000000d5900000)
  from space 1024K, 53% used [0x00000000d5a00000,0x00000000d5a880d8,0x00000000d5b00000)
  to   space 1024K, 0% used [0x00000000d5900000,0x00000000d5900000,0x00000000d5a00000)
 ParOldGen       total 817152K, used 816947K [0x0000000080000000, 0x00000000b1e00000, 0x00000000d5580000)
  object space 817152K, 99% used [0x0000000080000000,0x00000000b1dccfa0,0x00000000b1e00000)
 Metaspace       used 75238K, committed 76800K, reserved 1179648K
  class space    used 8054K, committed 8704K, reserved 1048576K
}
Event: 211.156 GC heap after
{Heap after GC invocations=1096 (full 3):
 PSYoungGen      total 4608K, used 416K [0x00000000d5580000, 0x00000000d5a80000, 0x0000000100000000)
  eden space 3584K, 0% used [0x00000000d5580000,0x00000000d5580000,0x00000000d5900000)
  from space 1024K, 40% used [0x00000000d5900000,0x00000000d5968000,0x00000000d5a00000)
  to   space 512K, 0% used [0x00000000d5a00000,0x00000000d5a00000,0x00000000d5a80000)
 ParOldGen       total 817664K, used 817187K [0x0000000080000000, 0x00000000b1e80000, 0x00000000d5580000)
  object space 817664K, 99% used [0x0000000080000000,0x00000000b1e08fa0,0x00000000b1e80000)
 Metaspace       used 75238K, committed 76800K, reserved 1179648K
  class space    used 8054K, committed 8704K, reserved 1048576K
}
Event: 211.176 GC heap before
{Heap before GC invocations=1097 (full 3):
 PSYoungGen      total 4608K, used 4000K [0x00000000d5580000, 0x00000000d5a80000, 0x0000000100000000)
  eden space 3584K, 100% used [0x00000000d5580000,0x00000000d5900000,0x00000000d5900000)
  from space 1024K, 40% used [0x00000000d5900000,0x00000000d5968000,0x00000000d5a00000)
  to   space 512K, 0% used [0x00000000d5a00000,0x00000000d5a00000,0x00000000d5a80000)
 ParOldGen       total 817664K, used 817187K [0x0000000080000000, 0x00000000b1e80000, 0x00000000d5580000)
  object space 817664K, 99% used [0x0000000080000000,0x00000000b1e08fa0,0x00000000b1e80000)
 Metaspace       used 75242K, committed 76800K, reserved 1179648K
  class space    used 8054K, committed 8704K, reserved 1048576K
}
Event: 211.182 GC heap after
{Heap after GC invocations=1097 (full 3):
 PSYoungGen      total 3584K, used 504K [0x00000000d5580000, 0x00000000d5d00000, 0x0000000100000000)
  eden space 3072K, 0% used [0x00000000d5580000,0x00000000d5580000,0x00000000d5880000)
  from space 512K, 98% used [0x00000000d5a00000,0x00000000d5a7e008,0x00000000d5a80000)
  to   space 1536K, 0% used [0x00000000d5880000,0x00000000d5880000,0x00000000d5a00000)
 ParOldGen       total 818176K, used 817707K [0x0000000080000000, 0x00000000b1f00000, 0x00000000d5580000)
  object space 818176K, 99% used [0x0000000080000000,0x00000000b1e8afa0,0x00000000b1f00000)
 Metaspace       used 75242K, committed 76800K, reserved 1179648K
  class space    used 8054K, committed 8704K, reserved 1048576K
}
Event: 211.201 GC heap before
{Heap before GC invocations=1098 (full 3):
 PSYoungGen      total 3584K, used 3576K [0x00000000d5580000, 0x00000000d5d00000, 0x0000000100000000)
  eden space 3072K, 100% used [0x00000000d5580000,0x00000000d5880000,0x00000000d5880000)
  from space 512K, 98% used [0x00000000d5a00000,0x00000000d5a7e008,0x00000000d5a80000)
  to   space 1536K, 0% used [0x00000000d5880000,0x00000000d5880000,0x00000000d5a00000)
 ParOldGen       total 818176K, used 817707K [0x0000000080000000, 0x00000000b1f00000, 0x00000000d5580000)
  object space 818176K, 99% used [0x0000000080000000,0x00000000b1e8afa0,0x00000000b1f00000)
 Metaspace       used 75245K, committed 76800K, reserved 1179648K
  class space    used 8054K, committed 8704K, reserved 1048576K
}
Event: 211.206 GC heap after
{Heap after GC invocations=1098 (full 3):
 PSYoungGen      total 4608K, used 512K [0x00000000d5580000, 0x00000000d5b80000, 0x0000000100000000)
  eden space 3072K, 0% used [0x00000000d5580000,0x00000000d5580000,0x00000000d5880000)
  from space 1536K, 33% used [0x00000000d5880000,0x00000000d5900000,0x00000000d5a00000)
  to   space 1024K, 0% used [0x00000000d5a80000,0x00000000d5a80000,0x00000000d5b80000)
 ParOldGen       total 818688K, used 818195K [0x0000000080000000, 0x00000000b1f80000, 0x00000000d5580000)
  object space 818688K, 99% used [0x0000000080000000,0x00000000b1f04fa8,0x00000000b1f80000)
 Metaspace       used 75245K, committed 76800K, reserved 1179648K
  class space    used 8054K, committed 8704K, reserved 1048576K
}
Event: 211.213 GC heap before
{Heap before GC invocations=1099 (full 3):
 PSYoungGen      total 4608K, used 3584K [0x00000000d5580000, 0x00000000d5b80000, 0x0000000100000000)
  eden space 3072K, 100% used [0x00000000d5580000,0x00000000d5880000,0x00000000d5880000)
  from space 1536K, 33% used [0x00000000d5880000,0x00000000d5900000,0x00000000d5a00000)
  to   space 1024K, 0% used [0x00000000d5a80000,0x00000000d5a80000,0x00000000d5b80000)
 ParOldGen       total 818688K, used 818195K [0x0000000080000000, 0x00000000b1f80000, 0x00000000d5580000)
  object space 818688K, 99% used [0x0000000080000000,0x00000000b1f04fa8,0x00000000b1f80000)
 Metaspace       used 75245K, committed 76800K, reserved 1179648K
  class space    used 8054K, committed 8704K, reserved 1048576K
}
Event: 211.219 GC heap after
{Heap after GC invocations=1099 (full 3):
 PSYoungGen      total 4608K, used 3584K [0x00000000d5580000, 0x00000000d5b80000, 0x0000000100000000)
  eden space 3072K, 100% used [0x00000000d5580000,0x00000000d5880000,0x00000000d5880000)
  from space 1536K, 33% used [0x00000000d5880000,0x00000000d5900000,0x00000000d5a00000)
  to   space 1024K, 50% used [0x00000000d5a80000,0x00000000d5b01240,0x00000000d5b80000)
 ParOldGen       total 818688K, used 818512K [0x0000000080000000, 0x00000000b1f80000, 0x00000000d5580000)
  object space 818688K, 99% used [0x0000000080000000,0x00000000b1f54170,0x00000000b1f80000)
 Metaspace       used 75245K, committed 76800K, reserved 1179648K
  class space    used 8054K, committed 8704K, reserved 1048576K
}
Event: 211.219 GC heap before
{Heap before GC invocations=1100 (full 4):
 PSYoungGen      total 4608K, used 3584K [0x00000000d5580000, 0x00000000d5b80000, 0x0000000100000000)
  eden space 3072K, 100% used [0x00000000d5580000,0x00000000d5880000,0x00000000d5880000)
  from space 1536K, 33% used [0x00000000d5880000,0x00000000d5900000,0x00000000d5a00000)
  to   space 1024K, 50% used [0x00000000d5a80000,0x00000000d5b01240,0x00000000d5b80000)
 ParOldGen       total 818688K, used 818512K [0x0000000080000000, 0x00000000b1f80000, 0x00000000d5580000)
  object space 818688K, 99% used [0x0000000080000000,0x00000000b1f54170,0x00000000b1f80000)
 Metaspace       used 75245K, committed 76800K, reserved 1179648K
  class space    used 8054K, committed 8704K, reserved 1048576K
}

